<?xml version="1.0" encoding="UTF-8"?>
<!-- Generated by org.testng.reporters.JUnitXMLReporter -->
<testsuite ignored="1" hostname="rivigo-Latitude-3490" failures="0" tests="4" name="On Source activity" time="33.012" errors="0" timestamp="2022-03-21T14:48:22 IST">
  <testcase classname="package1.BaseClass" name="getAccessToken" time="3.493"/>
  <testcase classname="package1.CreateCNs" name="getfromAddress" time="4.373"/>
  <testcase classname="package1.CreateCNs" name="gettoAddress" time="1.932"/>
  <testcase classname="package1.CreateCNs" name="createCn" time="22.077"/>
  <testcase classname="package1.BaseClass" name="initialiseProperties_Zoom" time="0.0">
    <ignored/>
  </testcase> <!-- initialiseProperties_Zoom -->
</testsuite> <!-- On Source activity -->
