<?xml version="1.0" encoding="UTF-8"?>
<testsuite name="TestSuite" time="14.912" tests="4" errors="0" skipped="0" failures="3">
  <properties>
[...]
</properties>
  <testcase name="getAccessToken" classname="package1.CreateCNs" time="2.034"/>
  <testcase name="getfromAddress" classname="package1.CreateCNs" time="4.896">
    <failure message="1 expectation failed.&#10;Expected status code &lt;200&gt; doesn&apos;t match actual status code &lt;401&gt;.&#10;" type="java.lang.AssertionError"><![CDATA[java.lang.AssertionError: 1 expectation failed.
Expected status code <200> doesn't match actual status code <401>.

	at java.base/jdk.internal.reflect.NativeConstructorAccessorImpl.newInstance0(Native Method)
	at java.base/jdk.internal.reflect.NativeConstructorAccessorImpl.newInstance(NativeConstructorAccessorImpl.java:62)
	at java.base/jdk.internal.reflect.DelegatingConstructorAccessorImpl.newInstance(DelegatingConstructorAccessorImpl.java:45)
	at java.base/java.lang.reflect.Constructor.newInstance(Constructor.java:490)
	at org.codehaus.groovy.reflection.CachedConstructor.invoke(CachedConstructor.java:83)
	at org.codehaus.groovy.reflection.CachedConstructor.doConstructorInvoke(CachedConstructor.java:77)
	at org.codehaus.groovy.runtime.callsite.ConstructorSite$ConstructorSiteNoUnwrap.callConstructor(ConstructorSite.java:84)
	at org.codehaus.groovy.runtime.callsite.CallSiteArray.defaultCallConstructor(CallSiteArray.java:60)
	at org.codehaus.groovy.runtime.callsite.AbstractCallSite.callConstructor(AbstractCallSite.java:235)
	at org.codehaus.groovy.runtime.callsite.AbstractCallSite.callConstructor(AbstractCallSite.java:247)
	at io.restassured.internal.ResponseSpecificationImpl$HamcrestAssertionClosure.validate(ResponseSpecificationImpl.groovy:451)
	at io.restassured.internal.ResponseSpecificationImpl$HamcrestAssertionClosure$validate$1.call(Unknown Source)
	at io.restassured.internal.ResponseSpecificationImpl.validateResponseIfRequired(ResponseSpecificationImpl.groovy:613)
	at java.base/jdk.internal.reflect.NativeMethodAccessorImpl.invoke0(Native Method)
	at java.base/jdk.internal.reflect.NativeMethodAccessorImpl.invoke(NativeMethodAccessorImpl.java:62)
	at java.base/jdk.internal.reflect.DelegatingMethodAccessorImpl.invoke(DelegatingMethodAccessorImpl.java:43)
	at java.base/java.lang.reflect.Method.invoke(Method.java:566)
	at org.codehaus.groovy.runtime.callsite.PogoMetaMethodSite$PogoCachedMethodSiteNoUnwrapNoCoerce.invoke(PogoMetaMethodSite.java:210)
	at org.codehaus.groovy.runtime.callsite.PogoMetaMethodSite.callCurrent(PogoMetaMethodSite.java:59)
	at org.codehaus.groovy.runtime.callsite.AbstractCallSite.callCurrent(AbstractCallSite.java:166)
	at io.restassured.internal.ResponseSpecificationImpl.statusCode(ResponseSpecificationImpl.groovy:120)
	at io.restassured.specification.ResponseSpecification$statusCode$0.callCurrent(Unknown Source)
	at io.restassured.internal.ResponseSpecificationImpl.statusCode(ResponseSpecificationImpl.groovy:128)
	at io.restassured.internal.ValidatableResponseOptionsImpl.statusCode(ValidatableResponseOptionsImpl.java:117)
	at package1.CreateCNs.getfromAddress(CreateCNs.java:21)
]]></failure>
    <system-out><![CDATA[Request method:	POST
Request URI:	https://zoom-kubernetes.stg.rivigo.com/wall/backend/master/client_address
Proxy:			<none>
Request params:	<none>
Query params:	<none>
Form params:	<none>
Path params:	<none>
Multiparts:		<none>
Headers:		Authorization=Bearer null
				Accept=*/*
				Content-Type=application/json; charset=UTF-8
Cookies:		<none>
Body:
{
    "id": null,
    "client": {
        "id": 1519
    },
    "addressType": "PICKUPANDDROP",
    "address": {
        "id": null,
        "detailedAddress": "test test test3333395798",
        "pincode": "122001",
        "state": "Delhi",
        "landmark": null
    },
    "name": "test",
    "phoneNumber": "9971639104",
    "isAppoinmentDelivery": false,
    "contactPerson": "test",
    "status": "ACTIVE",
    "organizationId": null
}
Request method:	POST
Request URI:	https://zoom-kubernetes.stg.rivigo.com/wall/backend/master/client_address
Proxy:			<none>
Request params:	<none>
Query params:	<none>
Form params:	<none>
Path params:	<none>
Multiparts:		<none>
Headers:		Authorization=Bearer null
				Accept=*/*
				Content-Type=application/json; charset=UTF-8
Cookies:		<none>
Body:
{
    "id": null,
    "client": {
        "id": 1519
    },
    "addressType": "PICKUPANDDROP",
    "address": {
        "id": null,
        "detailedAddress": "test test test3333395798",
        "pincode": "122001",
        "state": "Delhi",
        "landmark": null
    },
    "name": "test",
    "phoneNumber": "9971639104",
    "isAppoinmentDelivery": false,
    "contactPerson": "test",
    "status": "ACTIVE",
    "organizationId": null
}
HTTP/1.1 401 
Server: nginx/1.17.8
Date: Thu, 18 May 2023 11:04:55 GMT
Content-Type: application/xml;charset=UTF-8
Transfer-Encoding: chunked
Connection: keep-alive
Cache-Control: no-store
Pragma: no-cache
WWW-Authenticate: Bearer realm="oauth2-resource", error="invalid_token", error_description="null"
X-Content-Type-Options: nosniff
X-XSS-Protection: 1; mode=block
X-Frame-Options: DENY
Strict-Transport-Security: max-age=15724800; includeSubDomains

<InvalidTokenException>
  <error>invalid_token</error>
  <error_description>null</error_description>
</InvalidTokenException>
]]></system-out>
  </testcase>
  <testcase name="gettoAddress" classname="package1.CreateCNs" time="1.967">
    <failure message="1 expectation failed.&#10;Expected status code &lt;200&gt; doesn&apos;t match actual status code &lt;401&gt;.&#10;" type="java.lang.AssertionError"><![CDATA[java.lang.AssertionError: 1 expectation failed.
Expected status code <200> doesn't match actual status code <401>.

	at java.base/jdk.internal.reflect.NativeConstructorAccessorImpl.newInstance0(Native Method)
	at java.base/jdk.internal.reflect.NativeConstructorAccessorImpl.newInstance(NativeConstructorAccessorImpl.java:62)
	at java.base/jdk.internal.reflect.DelegatingConstructorAccessorImpl.newInstance(DelegatingConstructorAccessorImpl.java:45)
	at java.base/java.lang.reflect.Constructor.newInstance(Constructor.java:490)
	at org.codehaus.groovy.reflection.CachedConstructor.invoke(CachedConstructor.java:83)
	at org.codehaus.groovy.reflection.CachedConstructor.doConstructorInvoke(CachedConstructor.java:77)
	at org.codehaus.groovy.runtime.callsite.ConstructorSite$ConstructorSiteNoUnwrap.callConstructor(ConstructorSite.java:84)
	at org.codehaus.groovy.runtime.callsite.AbstractCallSite.callConstructor(AbstractCallSite.java:247)
	at io.restassured.internal.ResponseSpecificationImpl$HamcrestAssertionClosure.validate(ResponseSpecificationImpl.groovy:451)
	at io.restassured.internal.ResponseSpecificationImpl$HamcrestAssertionClosure$validate$1.call(Unknown Source)
	at io.restassured.internal.ResponseSpecificationImpl.validateResponseIfRequired(ResponseSpecificationImpl.groovy:613)
	at java.base/jdk.internal.reflect.NativeMethodAccessorImpl.invoke0(Native Method)
	at java.base/jdk.internal.reflect.NativeMethodAccessorImpl.invoke(NativeMethodAccessorImpl.java:62)
	at java.base/jdk.internal.reflect.DelegatingMethodAccessorImpl.invoke(DelegatingMethodAccessorImpl.java:43)
	at java.base/java.lang.reflect.Method.invoke(Method.java:566)
	at org.codehaus.groovy.runtime.callsite.PogoMetaMethodSite$PogoCachedMethodSiteNoUnwrapNoCoerce.invoke(PogoMetaMethodSite.java:210)
	at org.codehaus.groovy.runtime.callsite.PogoMetaMethodSite.callCurrent(PogoMetaMethodSite.java:59)
	at org.codehaus.groovy.runtime.callsite.AbstractCallSite.callCurrent(AbstractCallSite.java:166)
	at io.restassured.internal.ResponseSpecificationImpl.statusCode(ResponseSpecificationImpl.groovy:120)
	at io.restassured.specification.ResponseSpecification$statusCode$0.callCurrent(Unknown Source)
	at io.restassured.internal.ResponseSpecificationImpl.statusCode(ResponseSpecificationImpl.groovy:128)
	at io.restassured.internal.ValidatableResponseOptionsImpl.statusCode(ValidatableResponseOptionsImpl.java:117)
	at package1.CreateCNs.gettoAddress(CreateCNs.java:38)
]]></failure>
    <system-out><![CDATA[Request method:	POST
Request URI:	https://zoom-kubernetes.stg.rivigo.com/wall/backend/master/client_address
Proxy:			<none>
Request params:	<none>
Query params:	<none>
Form params:	<none>
Path params:	<none>
Multiparts:		<none>
Headers:		Authorization=Bearer null
				Accept=*/*
				Content-Type=application/json; charset=UTF-8
Cookies:		<none>
Body:
{
    "id": null,
    "client": {
        "id": 1519
    },
    "addressType": "PICKUPANDDROP",
    "address": {
        "id": null,
        "detailedAddress": "test test test3333395798",
        "pincode": "122001",
        "state": "Delhi",
        "landmark": null
    },
    "name": "test",
    "phoneNumber": "9971639104",
    "isAppoinmentDelivery": false,
    "contactPerson": "test",
    "status": "ACTIVE",
    "organizationId": null
}
HTTP/1.1 401 
Server: nginx/1.17.8
Date: Thu, 18 May 2023 11:04:56 GMT
Content-Type: application/xml;charset=UTF-8
Transfer-Encoding: chunked
Connection: keep-alive
Cache-Control: no-store
Pragma: no-cache
WWW-Authenticate: Bearer realm="oauth2-resource", error="invalid_token", error_description="null"
X-Content-Type-Options: nosniff
X-XSS-Protection: 1; mode=block
X-Frame-Options: DENY
Strict-Transport-Security: max-age=15724800; includeSubDomains

<InvalidTokenException>
  <error>invalid_token</error>
  <error_description>null</error_description>
</InvalidTokenException>
]]></system-out>
  </testcase>
  <testcase name="createCn" classname="package1.CreateCNs" time="6.015">
    <failure message="1 expectation failed.&#10;Expected status code &lt;200&gt; doesn&apos;t match actual status code &lt;401&gt;.&#10;" type="java.lang.AssertionError"><![CDATA[java.lang.AssertionError: 1 expectation failed.
Expected status code <200> doesn't match actual status code <401>.

	at java.base/jdk.internal.reflect.NativeConstructorAccessorImpl.newInstance0(Native Method)
	at java.base/jdk.internal.reflect.NativeConstructorAccessorImpl.newInstance(NativeConstructorAccessorImpl.java:62)
	at java.base/jdk.internal.reflect.DelegatingConstructorAccessorImpl.newInstance(DelegatingConstructorAccessorImpl.java:45)
	at java.base/java.lang.reflect.Constructor.newInstance(Constructor.java:490)
	at org.codehaus.groovy.reflection.CachedConstructor.invoke(CachedConstructor.java:83)
	at org.codehaus.groovy.reflection.CachedConstructor.doConstructorInvoke(CachedConstructor.java:77)
	at org.codehaus.groovy.runtime.callsite.ConstructorSite$ConstructorSiteNoUnwrap.callConstructor(ConstructorSite.java:84)
	at org.codehaus.groovy.runtime.callsite.AbstractCallSite.callConstructor(AbstractCallSite.java:247)
	at io.restassured.internal.ResponseSpecificationImpl$HamcrestAssertionClosure.validate(ResponseSpecificationImpl.groovy:451)
	at io.restassured.internal.ResponseSpecificationImpl$HamcrestAssertionClosure$validate$1.call(Unknown Source)
	at io.restassured.internal.ResponseSpecificationImpl.validateResponseIfRequired(ResponseSpecificationImpl.groovy:613)
	at java.base/jdk.internal.reflect.NativeMethodAccessorImpl.invoke0(Native Method)
	at java.base/jdk.internal.reflect.NativeMethodAccessorImpl.invoke(NativeMethodAccessorImpl.java:62)
	at java.base/jdk.internal.reflect.DelegatingMethodAccessorImpl.invoke(DelegatingMethodAccessorImpl.java:43)
	at java.base/java.lang.reflect.Method.invoke(Method.java:566)
	at org.codehaus.groovy.runtime.callsite.PogoMetaMethodSite$PogoCachedMethodSiteNoUnwrapNoCoerce.invoke(PogoMetaMethodSite.java:210)
	at org.codehaus.groovy.runtime.callsite.PogoMetaMethodSite.callCurrent(PogoMetaMethodSite.java:59)
	at org.codehaus.groovy.runtime.callsite.AbstractCallSite.callCurrent(AbstractCallSite.java:166)
	at io.restassured.internal.ResponseSpecificationImpl.statusCode(ResponseSpecificationImpl.groovy:120)
	at io.restassured.specification.ResponseSpecification$statusCode$0.callCurrent(Unknown Source)
	at io.restassured.internal.ResponseSpecificationImpl.statusCode(ResponseSpecificationImpl.groovy:128)
	at io.restassured.internal.ValidatableResponseOptionsImpl.statusCode(ValidatableResponseOptionsImpl.java:117)
	at package1.CreateCNs.createCn(CreateCNs.java:55)
]]></failure>
    <system-out><![CDATA[Request method:	POST
Request URI:	https://zoom-kubernetes.stg.rivigo.com/wall/backend/operations/consignments
Proxy:			<none>
Request params:	<none>
Query params:	<none>
Form params:	<none>
Path params:	<none>
Multiparts:		<none>
Headers:		Authorization=Bearer null
				Accept=*/*
				Content-Type=application/json; charset=UTF-8
Cookies:		<none>
Body:
{
    "id": null,
    "cnoteType": "NORMAL",
    "cnote": "1684407888",
    "clientCode": "UNIBC",
    "serviceType": "ZOOM",
    "gstNumber": null,
    "fromPinCode": "110001",
    "toPinCode": "110033",
    "totalBoxes": "1",
    "weight": "1",
    "volume": null,
    "value": null,
    "bookingDateTime": 1645163933000,
    "consignorAddress": "test",
    "consignorAddressId": null,
    "consignorEmail": "testunibic@gmail.com",
    "consignorPhone": "9971639104",
    "consigneeAddress": "sdfv dvervev sc",
    "consigneeAddressId": null,
    "consigneeEmail": null,
    "consigneePhone": "12313131313",
    "contents": "Chemicals",
    "consignorName": "test",
    "consigneeName": "Rivigo costumer",
    "consignmentDocumentDtoList": [
        {
            "document": "GST Invoice / Delivery Challan",
            "status": "NOT_PICKED_UP",
            "minInvoiceValue": null,
            "documentType": "GSTIN number",
            "order": 99
        },
        {
            "document": "CN consignee copy",
            "status": "NOT_PICKED_UP",
            "minInvoiceValue": null,
            "order": 2
        },
        {
            "document": "CN POD copy",
            "status": "NOT_PICKED_UP",
            "minInvoiceValue": null,
            "order": 1
        }
    ],
    "packing": "Bundle",
    "barcodeType": "PRE_PRINTED",
    "barcodes": [
        1684407888
    ],
    "isDacc": null,
    "invoices": [
        {
            "invoiceId": null,
            "invoiceNo": "1",
            "invoiceValue": "1",
            "eWaybillNumber": "",
            "hsnCodes": null
        }
    ],
    "volumeDetails": [
        {
            "unit": "IN",
            "breadth": "1",
            "height": "1",
            "numberOfBoxes": "1",
            "length": "1",
            "volume": 0.0006
        }
    ],
    "valueAddedServicesDTO": null,
    "paymentDetailsDTO": null,
    "gstDetailsDTO": null,
    "taxId": null,
    "taxIdType": null,
    "trackerDTO": {
        "deviceIdType": "IP",
        "deviceType": "ZOOM_OPS"
    },
    "openPopupTime": 1573037386291,
    "allIssuesResolved": true,
    "billingEntity": "UNIBIC FOODS INDIA PVT LTD.",
    "vehicleNumber": "HR55V5525",
    "consignmentCodDodDTO": null,
    "deliveryType": "NORMAL",
    "completionStatus": "COMPLETE"
}
HTTP/1.1 401 
Server: nginx/1.17.8
Date: Thu, 18 May 2023 11:05:02 GMT
Content-Type: application/xml;charset=UTF-8
Transfer-Encoding: chunked
Connection: keep-alive
Cache-Control: no-store
Pragma: no-cache
WWW-Authenticate: Bearer realm="oauth2-resource", error="invalid_token", error_description="null"
X-Content-Type-Options: nosniff
X-XSS-Protection: 1; mode=block
X-Frame-Options: DENY
Strict-Transport-Security: max-age=15724800; includeSubDomains

<InvalidTokenException>
  <error>invalid_token</error>
  <error_description>null</error_description>
</InvalidTokenException>
]]></system-out>
  </testcase>
</testsuite>